Scheduling group creation for new album: God Is Great
Scheduling purchase field creation for new album: God Is Great
WP-Cron Trigger Start: create subscriber groups. post_id: 2835
Creating group for: 2025_ETB_GIG_OPT-IN
MailerLite response for group: Array
(
    [id] => 164526538076718991
    [name] => 2025_ETB_GIG_OPT-IN
    [active_count] => 0
    [sent_count] => 0
    [opens_count] => 0
    [open_rate] => Array
        (
            [float] => 0
            [string] => 0%
        )

    [clicks_count] => 0
    [click_rate] => Array
        (
            [float] => 0
            [string] => 0%
        )

    [unsubscribed_count] => 0
    [unconfirmed_count] => 0
    [bounced_count] => 0
    [junk_count] => 0
    [created_at] => 2025-09-03 13:05:33
)

group id: 164526538076718991
Creating group for: 2025_ETB_GIG_WOOD
MailerLite response for group: Array
(
    [id] => 164526540033361848
    [name] => 2025_ETB_GIG_WOOD
    [active_count] => 0
    [sent_count] => 0
    [opens_count] => 0
    [open_rate] => Array
        (
            [float] => 0
            [string] => 0%
        )

    [clicks_count] => 0
    [click_rate] => Array
        (
            [float] => 0
            [string] => 0%
        )

    [unsubscribed_count] => 0
    [unconfirmed_count] => 0
    [bounced_count] => 0
    [junk_count] => 0
    [created_at] => 2025-09-03 13:05:35
)

group id: 164526540033361848
Creating group for: 2025_ETB_GIG_GOLD
MailerLite response for group: Array
(
    [id] => 164526545428284521
    [name] => 2025_ETB_GIG_GOLD
    [active_count] => 0
    [sent_count] => 0
    [opens_count] => 0
    [open_rate] => Array
        (
            [float] => 0
            [string] => 0%
        )

    [clicks_count] => 0
    [click_rate] => Array
        (
            [float] => 0
            [string] => 0%
        )

    [unsubscribed_count] => 0
    [unconfirmed_count] => 0
    [bounced_count] => 0
    [junk_count] => 0
    [created_at] => 2025-09-03 13:05:40
)

group id: 164526545428284521
Creating group for: 2025_ETB_GIG_SILVER
MailerLite response for group: Array
(
    [id] => 164526550724641926
    [name] => 2025_ETB_GIG_SILVER
    [active_count] => 0
    [sent_count] => 0
    [opens_count] => 0
    [open_rate] => Array
        (
            [float] => 0
            [string] => 0%
        )

    [clicks_count] => 0
    [click_rate] => Array
        (
            [float] => 0
            [string] => 0%
        )

    [unsubscribed_count] => 0
    [unconfirmed_count] => 0
    [bounced_count] => 0
    [junk_count] => 0
    [created_at] => 2025-09-03 13:05:45
)

group id: 164526550724641926
Creating group for: 2025_ETB_GIG_BRONZE
MailerLite response for group: Array
(
    [id] => 164526556542141580
    [name] => 2025_ETB_GIG_BRONZE
    [active_count] => 0
    [sent_count] => 0
    [opens_count] => 0
    [open_rate] => Array
        (
            [float] => 0
            [string] => 0%
        )

    [clicks_count] => 0
    [click_rate] => Array
        (
            [float] => 0
            [string] => 0%
        )

    [unsubscribed_count] => 0
    [unconfirmed_count] => 0
    [bounced_count] => 0
    [junk_count] => 0
    [created_at] => 2025-09-03 13:05:51
)

group id: 164526556542141580
Creating group for: 2025_ETB_GIG_BRONZE_PURCHASE
MailerLite response for group: Array
(
    [id] => 164526560884295528
    [name] => 2025_ETB_GIG_BRONZE_PURCHASE
    [active_count] => 0
    [sent_count] => 0
    [opens_count] => 0
    [open_rate] => Array
        (
            [float] => 0
            [string] => 0%
        )

    [clicks_count] => 0
    [click_rate] => Array
        (
            [float] => 0
            [string] => 0%
        )

    [unsubscribed_count] => 0
    [unconfirmed_count] => 0
    [bounced_count] => 0
    [junk_count] => 0
    [created_at] => 2025-09-03 13:05:55
)

group id: 164526560884295528
Creating group for: 2025_ETB_GIG_SLIVER_PURCHASE
MailerLite response for group: Array
(
    [id] => 164526565251614349
    [name] => 2025_ETB_GIG_SLIVER_PURCHASE
    [active_count] => 0
    [sent_count] => 0
    [opens_count] => 0
    [open_rate] => Array
        (
            [float] => 0
            [string] => 0%
        )

    [clicks_count] => 0
    [click_rate] => Array
        (
            [float] => 0
            [string] => 0%
        )

    [unsubscribed_count] => 0
    [unconfirmed_count] => 0
    [bounced_count] => 0
    [junk_count] => 0
    [created_at] => 2025-09-03 13:05:59
)

group id: 164526565251614349
Creating group for: 2025_ETB_GIG_GOLD_PURCHASE
MailerLite response for group: Array
(
    [id] => 164526573049873625
    [name] => 2025_ETB_GIG_GOLD_PURCHASE
    [active_count] => 0
    [sent_count] => 0
    [opens_count] => 0
    [open_rate] => Array
        (
            [float] => 0
            [string] => 0%
        )

    [clicks_count] => 0
    [click_rate] => Array
        (
            [float] => 0
            [string] => 0%
        )

    [unsubscribed_count] => 0
    [unconfirmed_count] => 0
    [bounced_count] => 0
    [junk_count] => 0
    [created_at] => 2025-09-03 13:06:07
)

group id: 164526573049873625
WP-Cron Trigger End: create subscriber groups
WP-Cron Trigger Start: create subscriber purchase fieldArray
MailerLite field created and recorded in the database: field_name: 2025_ETB_GIG_PURCHASE , field_id: 926309
WP-Cron Trigger End: create subscriber purchase field
capture_deleted_album_title: Start
capture_deleted_album_title: post title: Auto Draft
capture_deleted_album_title:  $this->deleted_album_details is setArray
(
)

capture_deleted_album_title: ended 
Scheduling group creation for new album: God Is Great
Scheduling purchase field creation for new album: God Is Great
WP-Cron Trigger Start: create subscriber groups. post_id: 2886
Creating group for: 2025_ETB_GIG_OPT-IN
MailerLite response for group: Array
(
    [id] => 164542228539115356
    [name] => 2025_ETB_GIG_OPT-IN
    [active_count] => 0
    [sent_count] => 0
    [opens_count] => 0
    [open_rate] => Array
        (
            [float] => 0
            [string] => 0%
        )

    [clicks_count] => 0
    [click_rate] => Array
        (
            [float] => 0
            [string] => 0%
        )

    [unsubscribed_count] => 0
    [unconfirmed_count] => 0
    [bounced_count] => 0
    [junk_count] => 0
    [created_at] => 2025-09-03 17:14:57
)

Creating group for: 2025_ETB_GIG_WOOD
MailerLite response for group: Array
(
    [id] => 164542230352102607
    [name] => 2025_ETB_GIG_WOOD
    [active_count] => 0
    [sent_count] => 0
    [opens_count] => 0
    [open_rate] => Array
        (
            [float] => 0
            [string] => 0%
        )

    [clicks_count] => 0
    [click_rate] => Array
        (
            [float] => 0
            [string] => 0%
        )

    [unsubscribed_count] => 0
    [unconfirmed_count] => 0
    [bounced_count] => 0
    [junk_count] => 0
    [created_at] => 2025-09-03 17:14:59
)

Creating group for: 2025_ETB_GIG_GOLD
MailerLite response for group: Array
(
    [id] => 164542232118953138
    [name] => 2025_ETB_GIG_GOLD
    [active_count] => 0
    [sent_count] => 0
    [opens_count] => 0
    [open_rate] => Array
        (
            [float] => 0
            [string] => 0%
        )

    [clicks_count] => 0
    [click_rate] => Array
        (
            [float] => 0
            [string] => 0%
        )

    [unsubscribed_count] => 0
    [unconfirmed_count] => 0
    [bounced_count] => 0
    [junk_count] => 0
    [created_at] => 2025-09-03 17:15:00
)

Creating group for: 2025_ETB_GIG_SILVER
MailerLite response for group: Array
(
    [id] => 164542234005341430
    [name] => 2025_ETB_GIG_SILVER
    [active_count] => 0
    [sent_count] => 0
    [opens_count] => 0
    [open_rate] => Array
        (
            [float] => 0
            [string] => 0%
        )

    [clicks_count] => 0
    [click_rate] => Array
        (
            [float] => 0
            [string] => 0%
        )

    [unsubscribed_count] => 0
    [unconfirmed_count] => 0
    [bounced_count] => 0
    [junk_count] => 0
    [created_at] => 2025-09-03 17:15:02
)

Creating group for: 2025_ETB_GIG_BRONZE
MailerLite response for group: Array
(
    [id] => 164542235763804060
    [name] => 2025_ETB_GIG_BRONZE
    [active_count] => 0
    [sent_count] => 0
    [opens_count] => 0
    [open_rate] => Array
        (
            [float] => 0
            [string] => 0%
        )

    [clicks_count] => 0
    [click_rate] => Array
        (
            [float] => 0
            [string] => 0%
        )

    [unsubscribed_count] => 0
    [unconfirmed_count] => 0
    [bounced_count] => 0
    [junk_count] => 0
    [created_at] => 2025-09-03 17:15:04
)

Creating group for: 2025_ETB_GIG_BRONZE_PURCHASE
MailerLite response for group: Array
(
    [id] => 164542237705765942
    [name] => 2025_ETB_GIG_BRONZE_PURCHASE
    [active_count] => 0
    [sent_count] => 0
    [opens_count] => 0
    [open_rate] => Array
        (
            [float] => 0
            [string] => 0%
        )

    [clicks_count] => 0
    [click_rate] => Array
        (
            [float] => 0
            [string] => 0%
        )

    [unsubscribed_count] => 0
    [unconfirmed_count] => 0
    [bounced_count] => 0
    [junk_count] => 0
    [created_at] => 2025-09-03 17:15:06
)

Creating group for: 2025_ETB_GIG_SLIVER_PURCHASE
MailerLite response for group: Array
(
    [id] => 164542239728469280
    [name] => 2025_ETB_GIG_SLIVER_PURCHASE
    [active_count] => 0
    [sent_count] => 0
    [opens_count] => 0
    [open_rate] => Array
        (
            [float] => 0
            [string] => 0%
        )

    [clicks_count] => 0
    [click_rate] => Array
        (
            [float] => 0
            [string] => 0%
        )

    [unsubscribed_count] => 0
    [unconfirmed_count] => 0
    [bounced_count] => 0
    [junk_count] => 0
    [created_at] => 2025-09-03 17:15:07
)

Creating group for: 2025_ETB_GIG_GOLD_PURCHASE
MailerLite response for group: Array
(
    [id] => 164542241677772445
    [name] => 2025_ETB_GIG_GOLD_PURCHASE
    [active_count] => 0
    [sent_count] => 0
    [opens_count] => 0
    [open_rate] => Array
        (
            [float] => 0
            [string] => 0%
        )

    [clicks_count] => 0
    [click_rate] => Array
        (
            [float] => 0
            [string] => 0%
        )

    [unsubscribed_count] => 0
    [unconfirmed_count] => 0
    [bounced_count] => 0
    [junk_count] => 0
    [created_at] => 2025-09-03 17:15:09
)

WP-Cron Trigger End: create subscriber groups
WP-Cron Trigger Start: create subscriber purchase fieldArray
MailerLite field created and recorded in the database: field_name: 2025_ETB_GIG_PURCHASE , field_id: 926674
WP-Cron Trigger End: create subscriber purchase field
