get_subscribers() called with: per_page=25, offset=0, campaign_name=2024_WURRDIE_WT, tier=, search=
Initial WHERE clause and params arrays are empty.
Campaign name filter added: Array
(
    [0] => c.campaign_name = %s
)
 and Array
(
    [0] => 2024_WURRDIE_WT
)

Constructed WHERE clause: WHERE c.campaign_name = %s
Campaign name is not empty. Using INNER JOIN query.
Final SQL query before execution: SELECT s.*, c.tier, c.purchase_id
             FROM wp_bemacrm_subscribersmeta AS s
             INNER JOIN wp_bemacrm_campaign_subscribersmeta AS c
               ON s.id = c.id
             WHERE c.campaign_name = '2024_WURRDIE_WT'
             ORDER BY s.id DESC
             LIMIT 25 OFFSET 0
Final parameters for prepare: Array
(
    [0] => 2024_WURRDIE_WT
    [1] => 25
    [2] => 0
)

Query results: Array
(
)

get_subscribers() called with: per_page=25, offset=0, campaign_name=, tier=, search=
Initial WHERE clause and params arrays are empty.
Constructed WHERE clause: 
Campaign name is empty. Using simple SELECT query.
Final SQL query before execution: SELECT * FROM wp_bemacrm_subscribersmeta AS s
             
             ORDER BY s.id DESC
             LIMIT 25 OFFSET 0
Final parameters for prepare: Array
(
    [0] => 25
    [1] => 0
)

Query results: Array
(
    [0] => Array
        (
            [id] => 160908363620681301
            [email] => info@ebc-ny.org
            [name] => 
            [status] => active
            [subscribed_at] => 2025-07-25 14:36:14
            [unsubscribed_at] => 
            [updated_at] => 2025-08-23 08:50:41
        )

    [1] => Array
        (
            [id] => 160890518717335303
            [email] => info@secondbaptistdetroit.org
            [name] => Second Baptist Church of Detroit – Detroit, MI
            [status] => active
            [subscribed_at] => 2025-07-25 09:52:35
            [unsubscribed_at] => 
            [updated_at] => 2025-08-23 08:50:45
        )

    [2] => Array
        (
            [id] => 160890283285808624
            [email] => info@nne.org
            [name] => 
            [status] => active
            [subscribed_at] => 2025-07-25 09:48:50
            [unsubscribed_at] => 
            [updated_at] => 2025-08-23 14:49:05
        )

    [3] => Array
        (
            [id] => 160890283280565742
            [email] => askfcbc@yahoo.com
            [name] => 
            [status] => bounced
            [subscribed_at] => 2025-07-25 09:48:50
            [unsubscribed_at] => 
            [updated_at] => 2025-07-28 09:27:05
        )

    [4] => Array
        (
            [id] => 160890283272177130
            [email] => info@bridgestreetbrooklyn.org
            [name] => 
            [status] => active
            [subscribed_at] => 2025-07-25 09:48:50
            [unsubscribed_at] => 
            [updated_at] => 2025-07-28 09:26:47
        )

    [5] => Array
        (
            [id] => 160890283270079975
            [email] => info@spcbc.com
            [name] => 
            [status] => active
            [subscribed_at] => 2025-07-25 09:48:50
            [unsubscribed_at] => 
            [updated_at] => 2025-07-28 09:26:47
        )

    [6] => Array
        (
            [id] => 160890283267982822
            [email] => jesus.saves@bigbethelame.org
            [name] => 
            [status] => active
            [subscribed_at] => 2025-07-25 09:48:50
            [unsubscribed_at] => 
            [updated_at] => 2025-07-28 09:26:47
        )

    [7] => Array
        (
            [id] => 160890283264837093
            [email] => beracabc@gmail.com
            [name] => 
            [status] => active
            [subscribed_at] => 2025-07-25 09:48:50
            [unsubscribed_at] => 
            [updated_at] => 2025-07-28 09:26:47
        )

    [8] => Array
        (
            [id] => 160890283262739940
            [email] => info@impactdcd.org
            [name] => 
            [status] => active
            [subscribed_at] => 2025-07-25 09:48:50
            [unsubscribed_at] => 
            [updated_at] => 2025-07-28 09:26:47
        )

    [9] => Array
        (
            [id] => 160890283260642784
            [email] => victory_sda@hotmail.com
            [name] => 
            [status] => active
            [subscribed_at] => 2025-07-25 09:48:50
            [unsubscribed_at] => 
            [updated_at] => 2025-07-28 09:26:47
        )

    [10] => Array
        (
            [id] => 160890283258545630
            [email] => dunamiscog@aol.com
            [name] => 
            [status] => active
            [subscribed_at] => 2025-07-25 09:48:50
            [unsubscribed_at] => 
            [updated_at] => 2025-07-28 09:26:47
        )

    [11] => Array
        (
            [id] => 160890283253302749
            [email] => giving@concorddallas.org
            [name] => 
            [status] => active
            [subscribed_at] => 2025-07-25 09:48:50
            [unsubscribed_at] => 
            [updated_at] => 2025-07-28 09:26:47
        )

    [12] => Array
        (
            [id] => 160890283249108444
            [email] => info@friendshipwest.org
            [name] => 
            [status] => active
            [subscribed_at] => 2025-07-25 09:48:50
            [unsubscribed_at] => 
            [updated_at] => 2025-07-28 09:26:47
        )

    [13] => Array
        (
            [id] => 160890283244914138
            [email] => winnerschapelchicago@gmail.com
            [name] => 
            [status] => active
            [subscribed_at] => 2025-07-25 09:48:50
            [unsubscribed_at] => 
            [updated_at] => 2025-07-28 09:26:47
        )

    [14] => Array
        (
            [id] => 160890283240719831
            [email] => info@kingscourtrccg.org
            [name] => 
            [status] => active
            [subscribed_at] => 2025-07-25 09:48:50
            [unsubscribed_at] => 
            [updated_at] => 2025-07-28 09:26:47
        )

    [15] => Array
        (
            [id] => 160890283235476948
            [email] => custservice@tdjakes.org
            [name] => 
            [status] => active
            [subscribed_at] => 2025-07-25 09:48:50
            [unsubscribed_at] => 
            [updated_at] => 2025-07-28 09:26:47
        )

    [16] => Array
        (
            [id] => 160736504639915380
            [email] => info@bridgechurchnyc.com
            [name] => Bridge Church NYC
            [status] => active
            [subscribed_at] => 2025-07-23 17:04:36
            [unsubscribed_at] => 
            [updated_at] => 2025-07-28 09:26:47
        )

    [17] => Array
        (
            [id] => 160736344460494764
            [email] => hi@fcbcnyc.org
            [name] => FIRST CORINTHIAN BAPTIST CHURCH, INC
            [status] => active
            [subscribed_at] => 2025-07-23 17:02:03
            [unsubscribed_at] => 
            [updated_at] => 2025-07-28 09:26:47
        )

    [18] => Array
        (
            [id] => 160732218377897471
            [email] => info@ebenezeratl.org
            [name] => 
            [status] => active
            [subscribed_at] => 2025-07-23 15:56:28
            [unsubscribed_at] => 
            [updated_at] => 2025-07-28 09:26:47
        )

    [19] => Array
        (
            [id] => 160731682256716941
            [email] => info@mykingdomlife.ca
            [name] => 
            [status] => active
            [subscribed_at] => 2025-07-23 15:47:57
            [unsubscribed_at] => 
            [updated_at] => 2025-07-28 09:27:05
        )

    [20] => Array
        (
            [id] => 160731682255668364
            [email] => info@miraclearena.ca
            [name] => 
            [status] => active
            [subscribed_at] => 2025-07-23 15:47:57
            [unsubscribed_at] => 
            [updated_at] => 2025-07-28 09:26:47
        )

    [21] => Array
        (
            [id] => 160731682254619772
            [email] => office@torontowest.org
            [name] => 
            [status] => active
            [subscribed_at] => 2025-07-23 15:47:57
            [unsubscribed_at] => 
            [updated_at] => 2025-07-28 09:27:05
        )

    [22] => Array
        (
            [id] => 160731682250425460
            [email] => info@praisecathedral.ca
            [name] => 
            [status] => bounced
            [subscribed_at] => 2025-07-23 15:47:57
            [unsubscribed_at] => 
            [updated_at] => 2025-07-28 09:27:05
        )

    [23] => Array
        (
            [id] => 160731682246231153
            [email] => info@abyssinian.org
            [name] => 
            [status] => active
            [subscribed_at] => 2025-07-23 15:47:57
            [unsubscribed_at] => 
            [updated_at] => 2025-07-28 09:26:47
        )

    [24] => Array
        (
            [id] => 160731682243085423
            [email] => info@tdjakes.org
            [name] => 
            [status] => active
            [subscribed_at] => 2025-07-23 15:47:57
            [unsubscribed_at] => 
            [updated_at] => 2025-07-28 09:27:05
        )

)

